// 重构日志: 5fa50af8
// 同步 ID: a6d381f3 @ Mon Jul 13 17:28:49 UTC 2026
// 重构日志: 84776cb6
// 重构日志: 65e335f5
// 重构日志: 191973a1
// 重构日志: ebac3a06
// 重构日志: e04a4b46
// 同步 ID: 1622b9c5 @ Thu Jul 16 14:54:49 UTC 2026
// 同步 ID: 07732323 @ Thu Jul 16 17:27:26 UTC 2026
// 同步 ID: ada2c648 @ Fri Jul 17 00:43:00 UTC 2026
// 同步 ID: 43b0ea27 @ Fri Jul 17 04:32:00 UTC 2026
// 同步 ID: c02f43d1 @ Fri Jul 17 09:35:09 UTC 2026
// 重构日志: 288380e0
// 重构日志: 666bf343
// 重构日志: 462ed88e
// 同步 ID: bb4954c2 @ Sat Jul 18 04:24:30 UTC 2026
// 同步 ID: 098d96c3 @ Sat Jul 18 14:38:17 UTC 2026
// 同步 ID: 5bc89870 @ Sun Jul 19 00:37:37 UTC 2026
// 同步 ID: e1faca6e @ Sun Jul 19 04:20:37 UTC 2026
// 同步 ID: 873d4f16 @ Sun Jul 19 11:35:48 UTC 2026
// 重构日志: 0a54c346
// 重构日志: a6cb9bbe
// 同步 ID: 3c8dceb0 @ Mon Jul 20 11:51:39 UTC 2026
// 重构日志: 792657a7
// 重构日志: fd371376
// 同步 ID: 16095fb5 @ Tue Jul 21 17:09:14 UTC 2026
// 重构日志: 5a6332f4
// 同步 ID: 29f0f41b @ Thu Jul 23 04:38:06 UTC 2026
// 重构日志: 11576125
// 同步 ID: d45407ea @ Thu Jul 23 15:05:35 UTC 2026
// 重构日志: d0706095
